<?xml version="1.0" encoding="UTF-8"?>
<testsuite name="com.bank.app.service.MovimientoServiceTest" tests="3" skipped="0" failures="0" errors="0" timestamp="2026-02-10T02:48:53" hostname="VJARAMILLO-583" time="1.365">
  <properties/>
  <testcase name="testRegistrarMovimientoDebitoConSaldo()" classname="com.bank.app.service.MovimientoServiceTest" time="1.348"/>
  <testcase name="testRegistrarMovimientoDebitoSinSaldo()" classname="com.bank.app.service.MovimientoServiceTest" time="0.008"/>
  <testcase name="testRegistrarMovimientoCredito()" classname="com.bank.app.service.MovimientoServiceTest" time="0.006"/>
  <system-out><![CDATA[]]></system-out>
  <system-err><![CDATA[WARNING: A Java agent has been loaded dynamically (C:\Users\v87ja\.gradle\caches\modules-2\files-2.1\net.bytebuddy\byte-buddy-agent\1.14.11\f9cb566608fbac6bc7bf54901a7aa11543a989ee\byte-buddy-agent-1.14.11.jar)
WARNING: If a serviceability tool is in use, please run with -XX:+EnableDynamicAgentLoading to hide this warning
WARNING: If a serviceability tool is not in use, please run with -Djdk.instrument.traceUsage for more information
WARNING: Dynamic loading of agents will be disallowed by default in a future release
]]></system-err>
</testsuite>
